<component name="libraryTable">
  <library name="JUnit1">
    <CLASSES>
      <root url="file://$USER_HOME$/Dev/Java/JUnit" />
    </CLASSES>
    <JAVADOC />
    <SOURCES />
    <jarDirectory url="file://$USER_HOME$/Dev/Java/JUnit" recursive="false" />
  </library>
</component>